<?xml version="1.0" encoding="UTF-8"?>
<testsuite xmlns:xsi="http://www.w3.org/2001/XMLSchema-instance" xsi:noNamespaceSchemaLocation="https://maven.apache.org/surefire/maven-surefire-plugin/xsd/surefire-test-report-3.0.xsd" version="3.0" name="tests.FlooringServiceTests" time="0.472" tests="37" errors="0" skipped="0" failures="0">
  <properties>
[...]
</properties>
  <testcase name="blankProductTypeTest" classname="tests.FlooringServiceTests" time="0.013"/>
  <testcase name="displayOrdersEmptyTest" classname="tests.FlooringServiceTests" time="0.01"/>
  <testcase name="editNullAreaPreservesTest" classname="tests.FlooringServiceTests" time="0.013"/>
  <testcase name="exportIncludesFormattedDateTest" classname="tests.FlooringServiceTests" time="0.036"/>
  <testcase name="catalogPassThroughTest" classname="tests.FlooringServiceTests" time="0.011"/>
  <testcase name="areaAboveMinimumTest" classname="tests.FlooringServiceTests" time="0.028"/>
  <testcase name="futureDateAcceptedTest" classname="tests.FlooringServiceTests" time="0.022"/>
  <testcase name="validCustomerNameTest" classname="tests.FlooringServiceTests" time="0.01"/>
  <testcase name="productCaseInsensitiveInServiceTest" classname="tests.FlooringServiceTests" time="0.013"/>
  <testcase name="editProductRecalculatesTest" classname="tests.FlooringServiceTests" time="0.014"/>
  <testcase name="blankCustomerNameTest" classname="tests.FlooringServiceTests" time="0.009"/>
  <testcase name="invalidCustomerNameTest" classname="tests.FlooringServiceTests" time="0.009"/>
  <testcase name="getOrderMissingTest" classname="tests.FlooringServiceTests" time="0.007"/>
  <testcase name="editCustomerNameOnlyTest" classname="tests.FlooringServiceTests" time="0.01"/>
  <testcase name="areaBelowMinimumTest" classname="tests.FlooringServiceTests" time="0.008"/>
  <testcase name="californiaTaxCalculationTest" classname="tests.FlooringServiceTests" time="0.011"/>
  <testcase name="editMissingOrderTest" classname="tests.FlooringServiceTests" time="0.006"/>
  <testcase name="tileTexasCalculationTest" classname="tests.FlooringServiceTests" time="0.008"/>
  <testcase name="invalidProductTypeTest" classname="tests.FlooringServiceTests" time="0.008"/>
  <testcase name="blankStateTest" classname="tests.FlooringServiceTests" time="0.008"/>
  <testcase name="areaExactlyMinimumTest" classname="tests.FlooringServiceTests" time="0.008"/>
  <testcase name="unsupportedStateTest" classname="tests.FlooringServiceTests" time="0.009"/>
  <testcase name="removeMissingOrderTest" classname="tests.FlooringServiceTests" time="0.008"/>
  <testcase name="pastDateRejectedTest" classname="tests.FlooringServiceTests" time="0.006"/>
  <testcase name="addAndDisplayOrdersTest" classname="tests.FlooringServiceTests" time="0.01"/>
  <testcase name="fullWorkflowTest" classname="tests.FlooringServiceTests" time="0.015"/>
  <testcase name="woodTexasCalculationTest" classname="tests.FlooringServiceTests" time="0.008"/>
  <testcase name="editPreservesBlankFieldsTest" classname="tests.FlooringServiceTests" time="0.011"/>
  <testcase name="exportCreatesFileTest" classname="tests.FlooringServiceTests" time="0.012"/>
  <testcase name="editAreaBelowMinimumTest" classname="tests.FlooringServiceTests" time="0.012"/>
  <testcase name="editStateRecalculatesTest" classname="tests.FlooringServiceTests" time="0.013"/>
  <testcase name="saveEditedOrderTest" classname="tests.FlooringServiceTests" time="0.014"/>
  <testcase name="exportOverwritesFileTest" classname="tests.FlooringServiceTests" time="0.02"/>
  <testcase name="sameDayDateRejectedTest" classname="tests.FlooringServiceTests" time="0.007"/>
  <testcase name="editInvalidCustomerNameTest" classname="tests.FlooringServiceTests" time="0.015"/>
  <testcase name="removeOrderTest" classname="tests.FlooringServiceTests" time="0.011"/>
  <testcase name="addIncompleteOrderTest" classname="tests.FlooringServiceTests" time="0.007"/>
</testsuite>